SF:lib/models/word_model.dart
DA:8,4
DA:17,3
DA:18,3
DA:19,3
DA:20,3
DA:21,3
DA:22,3
DA:23,3
LF:8
LH:8
end_of_record
SF:lib/widgets/snowy_background.dart
DA:7,5
DA:9,5
DA:11,5
DA:21,5
DA:22,5
DA:24,5
DA:27,5
DA:34,5
DA:35,5
DA:36,5
DA:37,5
DA:38,5
DA:39,5
DA:43,5
DA:44,5
DA:46,10
LF:16
LH:16
end_of_record
SF:lib/models/language_config.dart
DA:8,4
DA:16,12
DA:17,4
DA:18,4
DA:19,4
DA:20,4
DA:21,4
DA:22,4
DA:23,4
LF:9
LH:9
end_of_record
SF:lib/screens/word_list_screen.dart
DA:12,6
DA:14,2
DA:15,2
DA:26,2
DA:28,2
DA:30,6
DA:31,2
DA:34,2
DA:35,2
DA:38,8
DA:39,4
DA:41,2
DA:44,2
DA:45,2
DA:46,2
DA:48,6
DA:49,6
DA:50,0
DA:54,2
DA:57,10
DA:58,1
DA:59,2
DA:60,5
DA:61,1
DA:64,0
DA:65,0
DA:66,0
DA:71,2
DA:73,4
DA:74,2
DA:77,2
DA:80,8
DA:82,2
DA:84,2
DA:85,8
DA:90,2
DA:91,2
DA:92,2
DA:94,1
DA:95,2
DA:96,1
DA:97,2
DA:99,1
DA:102,1
DA:103,2
DA:104,1
DA:105,1
DA:106,1
DA:108,3
DA:110,1
DA:111,1
DA:114,2
DA:115,1
DA:117,1
DA:118,1
DA:120,0
DA:125,1
DA:126,1
DA:129,1
DA:130,2
DA:136,1
DA:138,1
DA:139,1
DA:141,1
DA:142,1
DA:143,1
DA:145,1
DA:146,1
DA:151,1
DA:153,1
DA:156,1
DA:157,1
DA:159,1
DA:160,2
DA:162,2
DA:166,1
DA:170,0
LF:77
LH:71
end_of_record
SF:lib/models/quiz_model.dart
DA:8,2
LF:1
LH:1
end_of_record
SF:lib/screens/block_selection_screen.dart
DA:13,5
DA:15,0
DA:16,0
DA:33,0
DA:35,0
DA:37,0
DA:39,0
DA:41,0
DA:44,0
DA:47,0
DA:49,0
DA:50,0
DA:53,0
DA:54,0
DA:55,0
DA:56,0
DA:58,0
DA:59,0
DA:60,0
DA:66,0
DA:67,0
DA:68,0
DA:70,0
DA:71,0
DA:72,0
DA:76,0
DA:79,0
DA:80,0
DA:82,0
DA:83,0
DA:85,0
DA:86,0
DA:90,0
DA:91,0
DA:92,0
DA:94,0
DA:96,0
DA:98,0
DA:101,0
DA:104,0
DA:106,0
DA:108,0
DA:109,0
DA:110,0
DA:111,0
DA:112,0
DA:113,0
DA:114,0
DA:116,0
DA:117,0
DA:119,0
DA:121,0
DA:122,0
DA:129,0
DA:132,0
DA:133,0
DA:134,0
DA:135,0
DA:136,0
DA:137,0
DA:138,0
DA:140,0
DA:141,0
DA:143,0
DA:156,0
DA:157,0
DA:159,0
DA:160,0
DA:161,0
DA:162,0
DA:165,0
DA:166,0
DA:168,0
DA:173,0
DA:179,0
DA:180,0
DA:181,0
DA:182,0
DA:183,0
DA:186,0
DA:188,0
DA:189,0
DA:190,0
DA:191,0
DA:193,0
DA:195,0
DA:197,0
DA:198,0
DA:209,0
DA:210,0
DA:211,0
DA:213,0
DA:215,0
DA:216,0
DA:217,0
DA:218,0
DA:221,0
DA:222,0
DA:225,0
DA:226,0
DA:227,0
DA:229,0
DA:231,0
DA:234,0
DA:235,0
DA:239,0
DA:243,0
DA:251,0
DA:253,0
DA:254,0
DA:255,0
DA:263,0
DA:264,0
DA:265,0
DA:266,0
DA:268,0
DA:270,0
DA:271,0
DA:275,0
LF:119
LH:1
end_of_record
SF:lib/screens/quiz_screen.dart
DA:23,1
DA:30,1
DA:31,1
DA:59,1
DA:61,1
DA:63,5
DA:64,2
DA:65,1
DA:66,1
DA:68,2
DA:71,1
DA:73,3
DA:74,2
DA:77,1
DA:78,1
DA:81,1
DA:82,1
DA:83,1
DA:85,1
DA:86,0
DA:87,0
DA:88,0
DA:90,0
DA:91,0
DA:92,0
DA:93,0
DA:95,0
DA:96,0
DA:97,0
DA:101,0
DA:102,0
DA:103,0
DA:109,1
DA:111,1
DA:112,2
DA:113,2
DA:114,1
DA:117,0
DA:118,0
DA:119,0
DA:120,0
DA:122,0
DA:124,0
DA:126,0
DA:127,0
DA:128,0
DA:129,0
DA:137,1
DA:139,6
DA:140,1
DA:141,4
DA:143,4
DA:144,4
DA:145,1
DA:147,3
DA:148,1
DA:150,2
DA:151,2
DA:152,6
DA:153,1
DA:155,1
DA:156,1
DA:158,2
DA:159,2
DA:161,0
DA:162,0
DA:163,0
DA:166,2
DA:167,1
DA:169,1
DA:171,2
DA:178,1
DA:179,2
DA:180,1
DA:181,1
DA:186,1
DA:187,2
DA:188,1
DA:189,1
DA:190,1
DA:192,1
DA:193,1
DA:197,1
DA:198,1
DA:199,2
DA:200,1
DA:202,1
DA:204,0
DA:210,0
DA:212,0
DA:220,0
DA:221,0
DA:223,0
DA:226,1
DA:227,1
DA:229,1
DA:230,1
DA:231,1
DA:232,1
DA:233,1
DA:234,1
DA:235,1
DA:236,4
DA:237,1
DA:239,2
DA:240,1
DA:241,1
DA:242,4
DA:245,1
DA:255,1
DA:257,1
DA:264,3
DA:266,4
DA:267,2
DA:268,2
DA:269,0
DA:272,5
DA:274,1
DA:276,1
DA:277,1
DA:278,1
DA:279,2
DA:280,1
DA:281,1
DA:282,1
DA:283,1
DA:284,1
DA:286,1
DA:288,1
DA:289,1
DA:291,1
DA:301,1
DA:302,0
DA:303,0
DA:304,0
DA:311,1
DA:313,1
DA:314,4
DA:315,2
DA:316,2
DA:317,2
DA:318,3
DA:319,0
DA:321,1
DA:323,1
DA:326,1
DA:327,1
DA:328,1
DA:330,1
DA:332,2
DA:335,1
DA:336,1
DA:337,2
DA:338,1
DA:339,1
DA:340,2
DA:341,2
DA:342,1
DA:344,0
DA:348,5
DA:349,5
DA:351,1
DA:353,1
DA:366,2
DA:367,2
DA:368,1
DA:369,1
DA:370,2
DA:378,1
DA:379,1
DA:381,1
DA:383,1
DA:384,1
DA:385,0
DA:388,1
DA:389,7
DA:398,1
DA:399,1
DA:400,1
DA:402,1
DA:404,1
DA:412,1
DA:413,1
DA:416,1
DA:417,1
DA:418,1
DA:420,1
DA:421,1
DA:423,1
DA:424,1
DA:425,2
DA:426,1
DA:427,2
DA:429,1
DA:432,1
DA:433,4
DA:434,1
DA:435,3
DA:437,1
DA:439,1
DA:440,1
DA:442,1
DA:443,1
DA:444,1
DA:447,1
DA:448,2
DA:449,1
DA:451,1
DA:452,1
DA:453,1
DA:455,1
DA:456,1
DA:463,1
DA:466,0
DA:468,0
DA:469,0
DA:476,3
DA:480,1
DA:482,1
DA:485,1
DA:486,1
DA:488,1
DA:489,1
DA:491,1
DA:492,1
DA:493,2
DA:496,1
DA:499,0
DA:501,0
DA:502,0
DA:509,2
DA:522,1
DA:525,1
DA:526,1
DA:527,5
DA:528,2
DA:529,2
DA:530,1
DA:531,1
DA:532,2
DA:533,1
DA:536,0
DA:537,0
DA:539,0
DA:543,1
DA:546,2
DA:548,1
DA:549,5
DA:562,6
DA:563,3
LF:250
LH:202
end_of_record
SF:lib/screens/character_intro_screen.dart
DA:7,6
DA:9,1
DA:11,1
DA:14,1
DA:15,1
DA:16,1
DA:17,1
DA:19,1
DA:21,1
DA:22,1
DA:23,1
DA:24,2
DA:28,1
DA:30,1
DA:44,1
DA:45,1
DA:48,1
DA:50,1
DA:61,1
DA:72,1
DA:83,1
DA:103,1
DA:111,1
DA:112,1
DA:113,1
DA:114,1
DA:119,1
DA:121,1
DA:122,1
DA:123,1
DA:126,1
DA:127,1
DA:128,1
DA:131,1
DA:133,1
DA:136,0
DA:139,0
DA:140,0
DA:145,1
DA:147,2
DA:151,1
DA:153,1
DA:160,1
LF:43
LH:40
end_of_record
SF:lib/screens/home_screen.dart
DA:14,1
DA:16,1
DA:17,1
DA:27,1
DA:29,1
DA:31,3
DA:32,1
DA:34,2
DA:37,1
DA:41,1
DA:42,1
DA:43,1
DA:45,2
DA:46,3
DA:47,3
DA:48,0
DA:50,1
DA:55,0
DA:56,0
DA:57,0
DA:58,0
DA:59,0
DA:63,1
DA:65,2
DA:66,1
DA:69,1
DA:71,1
DA:79,4
DA:81,1
DA:84,1
DA:85,1
DA:86,1
DA:87,1
DA:90,1
DA:92,4
DA:97,1
DA:100,1
DA:102,4
DA:107,1
DA:108,9
DA:110,1
DA:111,1
DA:112,1
DA:113,6
DA:114,1
DA:115,1
DA:116,1
DA:118,1
DA:119,1
DA:120,4
DA:121,4
DA:122,1
DA:124,1
DA:125,1
DA:126,1
DA:133,1
DA:135,4
DA:145,1
DA:146,1
DA:148,1
DA:150,1
DA:152,1
DA:154,1
DA:156,1
DA:160,1
DA:162,1
DA:164,1
DA:174,1
DA:177,1
DA:189,1
DA:190,4
DA:192,1
DA:193,0
DA:194,0
DA:196,0
DA:199,1
DA:203,1
DA:204,1
DA:223,1
DA:224,4
DA:226,1
DA:227,1
DA:228,1
DA:230,2
DA:233,1
DA:234,1
DA:237,1
DA:238,1
DA:257,1
DA:258,4
DA:260,1
DA:261,0
DA:262,0
DA:264,0
DA:267,1
DA:268,1
DA:271,1
DA:272,1
DA:302,1
DA:303,1
DA:305,1
DA:306,1
DA:307,1
DA:308,2
DA:310,1
DA:311,1
DA:312,1
DA:316,0
DA:318,0
DA:321,3
DA:322,1
DA:324,4
DA:326,1
LF:113
LH:99
end_of_record
SF:lib/screens/result_screen.dart
DA:9,1
DA:29,1
DA:31,1
DA:32,2
DA:33,3
DA:34,3
DA:36,3
DA:39,1
DA:41,1
DA:49,1
DA:51,1
DA:52,1
DA:54,1
DA:55,1
DA:57,1
DA:59,1
DA:60,1
DA:62,1
DA:63,3
DA:64,1
DA:66,1
DA:67,1
DA:68,2
DA:70,1
DA:72,3
DA:73,4
DA:78,3
DA:82,1
DA:85,3
DA:86,1
DA:87,1
DA:90,2
DA:95,1
DA:96,1
DA:97,1
DA:98,2
DA:104,1
DA:106,1
DA:109,1
DA:110,1
DA:111,3
DA:113,3
DA:114,2
DA:128,1
DA:129,1
DA:131,1
DA:133,1
DA:135,1
DA:141,1
DA:142,1
DA:143,1
DA:144,1
DA:145,1
DA:146,1
DA:147,1
DA:148,1
DA:149,1
DA:150,1
DA:151,1
DA:155,1
DA:156,3
LF:61
LH:61
end_of_record
SF:lib/widgets/global_banner_ad.dart
DA:6,1
DA:8,1
DA:9,1
DA:20,1
DA:22,1
DA:23,1
DA:26,1
DA:27,2
DA:28,1
DA:31,1
DA:32,0
DA:33,0
DA:34,0
DA:37,0
DA:38,0
DA:39,0
DA:42,1
DA:45,1
DA:47,2
DA:48,1
DA:51,1
DA:54,1
DA:59,0
DA:61,0
DA:63,0
DA:64,0
DA:65,0
LF:27
LH:16
end_of_record
